<?xml version="1.0" encoding="UTF-8"?>
<testsuite xmlns:xsi="http://www.w3.org/2001/XMLSchema-instance" xsi:noNamespaceSchemaLocation="https://maven.apache.org/surefire/maven-surefire-plugin/xsd/surefire-test-report.xsd" name="com.example.demo.DemoApplicationTests" time="0.027" tests="1" errors="0" skipped="1" failures="0">
  <properties>
    <property name="sun.desktop" value="windows"/>
    <property name="awt.toolkit" value="sun.awt.windows.WToolkit"/>
    <property name="file.encoding.pkg" value="sun.io"/>
    <property name="java.specification.version" value="1.8"/>
    <property name="sun.cpu.isalist" value="amd64"/>
    <property name="sun.jnu.encoding" value="Cp1252"/>
    <property name="java.class.path" value="C:\developerbase\workspaces\CLOUDS\demo\target\test-classes;C:\developerbase\workspaces\CLOUDS\demo\target\classes;B:\MavenRepo\org\springframework\boot\spring-boot-starter-web\2.1.6.RELEASE\spring-boot-starter-web-2.1.6.RELEASE.jar;B:\MavenRepo\org\springframework\boot\spring-boot-starter\2.1.6.RELEASE\spring-boot-starter-2.1.6.RELEASE.jar;B:\MavenRepo\org\springframework\boot\spring-boot-starter-logging\2.1.6.RELEASE\spring-boot-starter-logging-2.1.6.RELEASE.jar;B:\MavenRepo\ch\qos\logback\logback-classic\1.2.3\logback-classic-1.2.3.jar;B:\MavenRepo\ch\qos\logback\logback-core\1.2.3\logback-core-1.2.3.jar;B:\MavenRepo\org\apache\logging\log4j\log4j-to-slf4j\2.11.2\log4j-to-slf4j-2.11.2.jar;B:\MavenRepo\org\apache\logging\log4j\log4j-api\2.11.2\log4j-api-2.11.2.jar;B:\MavenRepo\org\slf4j\jul-to-slf4j\1.7.26\jul-to-slf4j-1.7.26.jar;B:\MavenRepo\javax\annotation\javax.annotation-api\1.3.2\javax.annotation-api-1.3.2.jar;B:\MavenRepo\org\yaml\snakeyaml\1.23\snakeyaml-1.23.jar;B:\MavenRepo\org\springframework\boot\spring-boot-starter-json\2.1.6.RELEASE\spring-boot-starter-json-2.1.6.RELEASE.jar;B:\MavenRepo\com\fasterxml\jackson\core\jackson-databind\2.9.9\jackson-databind-2.9.9.jar;B:\MavenRepo\com\fasterxml\jackson\core\jackson-core\2.9.9\jackson-core-2.9.9.jar;B:\MavenRepo\com\fasterxml\jackson\datatype\jackson-datatype-jdk8\2.9.9\jackson-datatype-jdk8-2.9.9.jar;B:\MavenRepo\com\fasterxml\jackson\datatype\jackson-datatype-jsr310\2.9.9\jackson-datatype-jsr310-2.9.9.jar;B:\MavenRepo\com\fasterxml\jackson\module\jackson-module-parameter-names\2.9.9\jackson-module-parameter-names-2.9.9.jar;B:\MavenRepo\org\springframework\boot\spring-boot-starter-tomcat\2.1.6.RELEASE\spring-boot-starter-tomcat-2.1.6.RELEASE.jar;B:\MavenRepo\org\apache\tomcat\embed\tomcat-embed-core\9.0.21\tomcat-embed-core-9.0.21.jar;B:\MavenRepo\org\apache\tomcat\embed\tomcat-embed-el\9.0.21\tomcat-embed-el-9.0.21.jar;B:\MavenRepo\org\apache\tomcat\embed\tomcat-embed-websocket\9.0.21\tomcat-embed-websocket-9.0.21.jar;B:\MavenRepo\org\hibernate\validator\hibernate-validator\6.0.17.Final\hibernate-validator-6.0.17.Final.jar;B:\MavenRepo\javax\validation\validation-api\2.0.1.Final\validation-api-2.0.1.Final.jar;B:\MavenRepo\org\jboss\logging\jboss-logging\3.3.2.Final\jboss-logging-3.3.2.Final.jar;B:\MavenRepo\org\springframework\spring-web\5.1.8.RELEASE\spring-web-5.1.8.RELEASE.jar;B:\MavenRepo\org\springframework\spring-beans\5.1.8.RELEASE\spring-beans-5.1.8.RELEASE.jar;B:\MavenRepo\org\springframework\spring-webmvc\5.1.8.RELEASE\spring-webmvc-5.1.8.RELEASE.jar;B:\MavenRepo\org\springframework\spring-aop\5.1.8.RELEASE\spring-aop-5.1.8.RELEASE.jar;B:\MavenRepo\org\springframework\spring-context\5.1.8.RELEASE\spring-context-5.1.8.RELEASE.jar;B:\MavenRepo\org\springframework\spring-expression\5.1.8.RELEASE\spring-expression-5.1.8.RELEASE.jar;B:\MavenRepo\org\springframework\boot\spring-boot-devtools\2.1.6.RELEASE\spring-boot-devtools-2.1.6.RELEASE.jar;B:\MavenRepo\org\springframework\boot\spring-boot\2.1.6.RELEASE\spring-boot-2.1.6.RELEASE.jar;B:\MavenRepo\org\springframework\boot\spring-boot-autoconfigure\2.1.6.RELEASE\spring-boot-autoconfigure-2.1.6.RELEASE.jar;B:\MavenRepo\org\springframework\boot\spring-boot-starter-test\2.1.6.RELEASE\spring-boot-starter-test-2.1.6.RELEASE.jar;B:\MavenRepo\org\springframework\boot\spring-boot-test\2.1.6.RELEASE\spring-boot-test-2.1.6.RELEASE.jar;B:\MavenRepo\org\springframework\boot\spring-boot-test-autoconfigure\2.1.6.RELEASE\spring-boot-test-autoconfigure-2.1.6.RELEASE.jar;B:\MavenRepo\com\jayway\jsonpath\json-path\2.4.0\json-path-2.4.0.jar;B:\MavenRepo\net\minidev\json-smart\2.3\json-smart-2.3.jar;B:\MavenRepo\net\minidev\accessors-smart\1.2\accessors-smart-1.2.jar;B:\MavenRepo\org\ow2\asm\asm\5.0.4\asm-5.0.4.jar;B:\MavenRepo\junit\junit\4.12\junit-4.12.jar;B:\MavenRepo\org\assertj\assertj-core\3.11.1\assertj-core-3.11.1.jar;B:\MavenRepo\org\mockito\mockito-core\2.23.4\mockito-core-2.23.4.jar;B:\MavenRepo\net\bytebuddy\byte-buddy\1.9.13\byte-buddy-1.9.13.jar;B:\MavenRepo\net\bytebuddy\byte-buddy-agent\1.9.13\byte-buddy-agent-1.9.13.jar;B:\MavenRepo\org\objenesis\objenesis\2.6\objenesis-2.6.jar;B:\MavenRepo\org\hamcrest\hamcrest-core\1.3\hamcrest-core-1.3.jar;B:\MavenRepo\org\hamcrest\hamcrest-library\1.3\hamcrest-library-1.3.jar;B:\MavenRepo\org\skyscreamer\jsonassert\1.5.0\jsonassert-1.5.0.jar;B:\MavenRepo\com\vaadin\external\google\android-json\0.0.20131108.vaadin1\android-json-0.0.20131108.vaadin1.jar;B:\MavenRepo\org\springframework\spring-core\5.1.8.RELEASE\spring-core-5.1.8.RELEASE.jar;B:\MavenRepo\org\springframework\spring-jcl\5.1.8.RELEASE\spring-jcl-5.1.8.RELEASE.jar;B:\MavenRepo\org\springframework\spring-test\5.1.8.RELEASE\spring-test-5.1.8.RELEASE.jar;B:\MavenRepo\org\xmlunit\xmlunit-core\2.6.2\xmlunit-core-2.6.2.jar;B:\MavenRepo\io\springfox\springfox-swagger2\2.9.2\springfox-swagger2-2.9.2.jar;B:\MavenRepo\io\swagger\swagger-annotations\1.5.20\swagger-annotations-1.5.20.jar;B:\MavenRepo\io\swagger\swagger-models\1.5.20\swagger-models-1.5.20.jar;B:\MavenRepo\com\fasterxml\jackson\core\jackson-annotations\2.9.0\jackson-annotations-2.9.0.jar;B:\MavenRepo\io\springfox\springfox-spi\2.9.2\springfox-spi-2.9.2.jar;B:\MavenRepo\io\springfox\springfox-core\2.9.2\springfox-core-2.9.2.jar;B:\MavenRepo\io\springfox\springfox-schema\2.9.2\springfox-schema-2.9.2.jar;B:\MavenRepo\io\springfox\springfox-swagger-common\2.9.2\springfox-swagger-common-2.9.2.jar;B:\MavenRepo\io\springfox\springfox-spring-web\2.9.2\springfox-spring-web-2.9.2.jar;B:\MavenRepo\com\google\guava\guava\20.0\guava-20.0.jar;B:\MavenRepo\com\fasterxml\classmate\1.4.0\classmate-1.4.0.jar;B:\MavenRepo\org\slf4j\slf4j-api\1.7.26\slf4j-api-1.7.26.jar;B:\MavenRepo\org\springframework\plugin\spring-plugin-core\1.2.0.RELEASE\spring-plugin-core-1.2.0.RELEASE.jar;B:\MavenRepo\org\springframework\plugin\spring-plugin-metadata\1.2.0.RELEASE\spring-plugin-metadata-1.2.0.RELEASE.jar;B:\MavenRepo\org\mapstruct\mapstruct\1.2.0.Final\mapstruct-1.2.0.Final.jar;B:\MavenRepo\io\springfox\springfox-swagger-ui\2.9.2\springfox-swagger-ui-2.9.2.jar;"/>
    <property name="java.vm.vendor" value="Oracle Corporation"/>
    <property name="sun.arch.data.model" value="64"/>
    <property name="user.variant" value=""/>
    <property name="java.vendor.url" value="http://java.oracle.com/"/>
    <property name="user.timezone" value="Europe/Berlin"/>
    <property name="java.vm.specification.version" value="1.8"/>
    <property name="os.name" value="Windows 10"/>
    <property name="user.country" value="DE"/>
    <property name="sun.java.launcher" value="SUN_STANDARD"/>
    <property name="sun.boot.library.path" value="B:\java\jdk1.8.0_162\jre\bin"/>
    <property name="sun.java.command" value="C:\Users\N0008295\AppData\Local\Temp\surefire8851164003363289104\surefirebooter6440202439197040481.jar C:\Users\N0008295\AppData\Local\Temp\surefire8851164003363289104 2019-09-08T23-50-56_677-jvmRun1 surefire2821647927911684571tmp surefire_08761717567089433458tmp"/>
    <property name="surefire.test.class.path" value="C:\developerbase\workspaces\CLOUDS\demo\target\test-classes;C:\developerbase\workspaces\CLOUDS\demo\target\classes;B:\MavenRepo\org\springframework\boot\spring-boot-starter-web\2.1.6.RELEASE\spring-boot-starter-web-2.1.6.RELEASE.jar;B:\MavenRepo\org\springframework\boot\spring-boot-starter\2.1.6.RELEASE\spring-boot-starter-2.1.6.RELEASE.jar;B:\MavenRepo\org\springframework\boot\spring-boot-starter-logging\2.1.6.RELEASE\spring-boot-starter-logging-2.1.6.RELEASE.jar;B:\MavenRepo\ch\qos\logback\logback-classic\1.2.3\logback-classic-1.2.3.jar;B:\MavenRepo\ch\qos\logback\logback-core\1.2.3\logback-core-1.2.3.jar;B:\MavenRepo\org\apache\logging\log4j\log4j-to-slf4j\2.11.2\log4j-to-slf4j-2.11.2.jar;B:\MavenRepo\org\apache\logging\log4j\log4j-api\2.11.2\log4j-api-2.11.2.jar;B:\MavenRepo\org\slf4j\jul-to-slf4j\1.7.26\jul-to-slf4j-1.7.26.jar;B:\MavenRepo\javax\annotation\javax.annotation-api\1.3.2\javax.annotation-api-1.3.2.jar;B:\MavenRepo\org\yaml\snakeyaml\1.23\snakeyaml-1.23.jar;B:\MavenRepo\org\springframework\boot\spring-boot-starter-json\2.1.6.RELEASE\spring-boot-starter-json-2.1.6.RELEASE.jar;B:\MavenRepo\com\fasterxml\jackson\core\jackson-databind\2.9.9\jackson-databind-2.9.9.jar;B:\MavenRepo\com\fasterxml\jackson\core\jackson-core\2.9.9\jackson-core-2.9.9.jar;B:\MavenRepo\com\fasterxml\jackson\datatype\jackson-datatype-jdk8\2.9.9\jackson-datatype-jdk8-2.9.9.jar;B:\MavenRepo\com\fasterxml\jackson\datatype\jackson-datatype-jsr310\2.9.9\jackson-datatype-jsr310-2.9.9.jar;B:\MavenRepo\com\fasterxml\jackson\module\jackson-module-parameter-names\2.9.9\jackson-module-parameter-names-2.9.9.jar;B:\MavenRepo\org\springframework\boot\spring-boot-starter-tomcat\2.1.6.RELEASE\spring-boot-starter-tomcat-2.1.6.RELEASE.jar;B:\MavenRepo\org\apache\tomcat\embed\tomcat-embed-core\9.0.21\tomcat-embed-core-9.0.21.jar;B:\MavenRepo\org\apache\tomcat\embed\tomcat-embed-el\9.0.21\tomcat-embed-el-9.0.21.jar;B:\MavenRepo\org\apache\tomcat\embed\tomcat-embed-websocket\9.0.21\tomcat-embed-websocket-9.0.21.jar;B:\MavenRepo\org\hibernate\validator\hibernate-validator\6.0.17.Final\hibernate-validator-6.0.17.Final.jar;B:\MavenRepo\javax\validation\validation-api\2.0.1.Final\validation-api-2.0.1.Final.jar;B:\MavenRepo\org\jboss\logging\jboss-logging\3.3.2.Final\jboss-logging-3.3.2.Final.jar;B:\MavenRepo\org\springframework\spring-web\5.1.8.RELEASE\spring-web-5.1.8.RELEASE.jar;B:\MavenRepo\org\springframework\spring-beans\5.1.8.RELEASE\spring-beans-5.1.8.RELEASE.jar;B:\MavenRepo\org\springframework\spring-webmvc\5.1.8.RELEASE\spring-webmvc-5.1.8.RELEASE.jar;B:\MavenRepo\org\springframework\spring-aop\5.1.8.RELEASE\spring-aop-5.1.8.RELEASE.jar;B:\MavenRepo\org\springframework\spring-context\5.1.8.RELEASE\spring-context-5.1.8.RELEASE.jar;B:\MavenRepo\org\springframework\spring-expression\5.1.8.RELEASE\spring-expression-5.1.8.RELEASE.jar;B:\MavenRepo\org\springframework\boot\spring-boot-devtools\2.1.6.RELEASE\spring-boot-devtools-2.1.6.RELEASE.jar;B:\MavenRepo\org\springframework\boot\spring-boot\2.1.6.RELEASE\spring-boot-2.1.6.RELEASE.jar;B:\MavenRepo\org\springframework\boot\spring-boot-autoconfigure\2.1.6.RELEASE\spring-boot-autoconfigure-2.1.6.RELEASE.jar;B:\MavenRepo\org\springframework\boot\spring-boot-starter-test\2.1.6.RELEASE\spring-boot-starter-test-2.1.6.RELEASE.jar;B:\MavenRepo\org\springframework\boot\spring-boot-test\2.1.6.RELEASE\spring-boot-test-2.1.6.RELEASE.jar;B:\MavenRepo\org\springframework\boot\spring-boot-test-autoconfigure\2.1.6.RELEASE\spring-boot-test-autoconfigure-2.1.6.RELEASE.jar;B:\MavenRepo\com\jayway\jsonpath\json-path\2.4.0\json-path-2.4.0.jar;B:\MavenRepo\net\minidev\json-smart\2.3\json-smart-2.3.jar;B:\MavenRepo\net\minidev\accessors-smart\1.2\accessors-smart-1.2.jar;B:\MavenRepo\org\ow2\asm\asm\5.0.4\asm-5.0.4.jar;B:\MavenRepo\junit\junit\4.12\junit-4.12.jar;B:\MavenRepo\org\assertj\assertj-core\3.11.1\assertj-core-3.11.1.jar;B:\MavenRepo\org\mockito\mockito-core\2.23.4\mockito-core-2.23.4.jar;B:\MavenRepo\net\bytebuddy\byte-buddy\1.9.13\byte-buddy-1.9.13.jar;B:\MavenRepo\net\bytebuddy\byte-buddy-agent\1.9.13\byte-buddy-agent-1.9.13.jar;B:\MavenRepo\org\objenesis\objenesis\2.6\objenesis-2.6.jar;B:\MavenRepo\org\hamcrest\hamcrest-core\1.3\hamcrest-core-1.3.jar;B:\MavenRepo\org\hamcrest\hamcrest-library\1.3\hamcrest-library-1.3.jar;B:\MavenRepo\org\skyscreamer\jsonassert\1.5.0\jsonassert-1.5.0.jar;B:\MavenRepo\com\vaadin\external\google\android-json\0.0.20131108.vaadin1\android-json-0.0.20131108.vaadin1.jar;B:\MavenRepo\org\springframework\spring-core\5.1.8.RELEASE\spring-core-5.1.8.RELEASE.jar;B:\MavenRepo\org\springframework\spring-jcl\5.1.8.RELEASE\spring-jcl-5.1.8.RELEASE.jar;B:\MavenRepo\org\springframework\spring-test\5.1.8.RELEASE\spring-test-5.1.8.RELEASE.jar;B:\MavenRepo\org\xmlunit\xmlunit-core\2.6.2\xmlunit-core-2.6.2.jar;B:\MavenRepo\io\springfox\springfox-swagger2\2.9.2\springfox-swagger2-2.9.2.jar;B:\MavenRepo\io\swagger\swagger-annotations\1.5.20\swagger-annotations-1.5.20.jar;B:\MavenRepo\io\swagger\swagger-models\1.5.20\swagger-models-1.5.20.jar;B:\MavenRepo\com\fasterxml\jackson\core\jackson-annotations\2.9.0\jackson-annotations-2.9.0.jar;B:\MavenRepo\io\springfox\springfox-spi\2.9.2\springfox-spi-2.9.2.jar;B:\MavenRepo\io\springfox\springfox-core\2.9.2\springfox-core-2.9.2.jar;B:\MavenRepo\io\springfox\springfox-schema\2.9.2\springfox-schema-2.9.2.jar;B:\MavenRepo\io\springfox\springfox-swagger-common\2.9.2\springfox-swagger-common-2.9.2.jar;B:\MavenRepo\io\springfox\springfox-spring-web\2.9.2\springfox-spring-web-2.9.2.jar;B:\MavenRepo\com\google\guava\guava\20.0\guava-20.0.jar;B:\MavenRepo\com\fasterxml\classmate\1.4.0\classmate-1.4.0.jar;B:\MavenRepo\org\slf4j\slf4j-api\1.7.26\slf4j-api-1.7.26.jar;B:\MavenRepo\org\springframework\plugin\spring-plugin-core\1.2.0.RELEASE\spring-plugin-core-1.2.0.RELEASE.jar;B:\MavenRepo\org\springframework\plugin\spring-plugin-metadata\1.2.0.RELEASE\spring-plugin-metadata-1.2.0.RELEASE.jar;B:\MavenRepo\org\mapstruct\mapstruct\1.2.0.Final\mapstruct-1.2.0.Final.jar;B:\MavenRepo\io\springfox\springfox-swagger-ui\2.9.2\springfox-swagger-ui-2.9.2.jar;"/>
    <property name="sun.cpu.endian" value="little"/>
    <property name="user.home" value="C:\Users\N0008295"/>
    <property name="user.language" value="de"/>
    <property name="java.specification.vendor" value="Oracle Corporation"/>
    <property name="java.home" value="B:\java\jdk1.8.0_162\jre"/>
    <property name="basedir" value="C:\developerbase\workspaces\CLOUDS\demo"/>
    <property name="file.separator" value="\"/>
    <property name="line.separator" value="&#10;"/>
    <property name="java.vm.specification.vendor" value="Oracle Corporation"/>
    <property name="java.specification.name" value="Java Platform API Specification"/>
    <property name="java.awt.graphicsenv" value="sun.awt.Win32GraphicsEnvironment"/>
    <property name="surefire.real.class.path" value="C:\Users\N0008295\AppData\Local\Temp\surefire8851164003363289104\surefirebooter6440202439197040481.jar"/>
    <property name="sun.boot.class.path" value="B:\java\jdk1.8.0_162\jre\lib\resources.jar;B:\java\jdk1.8.0_162\jre\lib\rt.jar;B:\java\jdk1.8.0_162\jre\lib\sunrsasign.jar;B:\java\jdk1.8.0_162\jre\lib\jsse.jar;B:\java\jdk1.8.0_162\jre\lib\jce.jar;B:\java\jdk1.8.0_162\jre\lib\charsets.jar;B:\java\jdk1.8.0_162\jre\lib\jfr.jar;B:\java\jdk1.8.0_162\jre\classes"/>
    <property name="user.script" value=""/>
    <property name="sun.management.compiler" value="HotSpot 64-Bit Tiered Compilers"/>
    <property name="java.runtime.version" value="1.8.0_162-b12"/>
    <property name="user.name" value="N0008295"/>
    <property name="path.separator" value=";"/>
    <property name="os.version" value="10.0"/>
    <property name="java.endorsed.dirs" value="B:\java\jdk1.8.0_162\jre\lib\endorsed"/>
    <property name="java.runtime.name" value="Java(TM) SE Runtime Environment"/>
    <property name="file.encoding" value="Cp1252"/>
    <property name="java.vm.name" value="Java HotSpot(TM) 64-Bit Server VM"/>
    <property name="localRepository" value="B:\MavenRepo"/>
    <property name="java.vendor.url.bug" value="http://bugreport.sun.com/bugreport/"/>
    <property name="java.io.tmpdir" value="C:\Users\N0008295\AppData\Local\Temp\"/>
    <property name="java.version" value="1.8.0_162"/>
    <property name="user.dir" value="C:\developerbase\workspaces\CLOUDS\demo"/>
    <property name="os.arch" value="amd64"/>
    <property name="java.vm.specification.name" value="Java Virtual Machine Specification"/>
    <property name="java.awt.printerjob" value="sun.awt.windows.WPrinterJob"/>
    <property name="sun.os.patch.level" value=""/>
    <property name="java.library.path" value="B:\java\jdk1.8.0_162\jre\bin;C:\WINDOWS\Sun\Java\bin;C:\WINDOWS\system32;C:\WINDOWS;b:/java/jre1.8.0_31/bin/server;b:/java/jre1.8.0_31/bin;b:/java/jre1.8.0_31/lib/amd64;C:\ProgramData\DockerDesktop\version-bin;C:\Program Files\Docker\Docker\Resources\bin;C:\ProgramData\Oracle\Java\javapath;C:\Anwendungen\Oracle\client\product\12.1.0\client_1\bin;C:\WINDOWS\system32;C:\WINDOWS;C:\WINDOWS\System32\Wbem;C:\WINDOWS\System32\WindowsPowerShell\v1.0\;C:\Program Files (x86)\Java\jdk1.8.0_131\bin;C:\Anwendungen\Apache\apache-ant-1.10.3\bin;C:\Program Files\Novell\iPrint;C:\Program Files (x86)\Serena\Dimensions 14.3\CM\prog64;C:\Program Files (x86)\Serena\Dimensions 14.3\CM\prog;C:\Program Files (x86)\Serena\Dimensions 14.3\CM\prog64\;C:\Program Files (x86)\WinSCP;C:\Program Files (x86)\Git\cmd;C:\Program Files\nodejs\;C:\Program Files (x86)\PuTTY\;C:\Program Files\Cloud Foundry;C:\Users\N0008295\AppData\Local\Microsoft\WindowsApps;C:\someProjects\Microsoft VS Code\bin;C:\Users\N0008295\AppData\Roaming\npm;C:\developerbase\maven\apache-maven-3.5.2\bin;;C:\developerbase;;."/>
    <property name="java.vm.info" value="mixed mode"/>
    <property name="java.vendor" value="Oracle Corporation"/>
    <property name="java.vm.version" value="25.162-b12"/>
    <property name="java.ext.dirs" value="B:\java\jdk1.8.0_162\jre\lib\ext;C:\WINDOWS\Sun\Java\lib\ext"/>
    <property name="sun.io.unicode.encoding" value="UnicodeLittle"/>
    <property name="java.class.version" value="52.0"/>
  </properties>
  <testcase name="com.example.demo.DemoApplicationTests" classname="com.example.demo.DemoApplicationTests" time="0">
    <skipped/>
  </testcase>
</testsuite>